2023-04-19 22:32:24,425{GMT}	INFO	[jepsen test runner] jepsen.core: Test version 4ed07da210621707fa97f48d147ff2c2e5cb4f1e (plus uncommitted changes)
2023-04-19 22:32:24,425{GMT}	INFO	[jepsen test runner] jepsen.core: Command line:
lein run test -w echo --bin target/debug/rustengan --node-count 1 --time-limit 10
2023-04-19 22:32:24,473{GMT}	INFO	[jepsen test runner] jepsen.core: Running test:
{:args []
 :remote
 #jepsen.control.retry.Remote{:remote #jepsen.control.scp.Remote{:cmd-remote #jepsen.control.sshj.SSHJRemote{:concurrency-limit 6,
                                                                                                             :conn-spec nil,
                                                                                                             :client nil,
                                                                                                             :semaphore nil},
                                                                 :conn-spec nil},
                              :conn nil}
 :log-net-send false
 :node-count 1
 :availability nil
 :max-txn-length 4
 :concurrency 1
 :db
 #object[maelstrom.db$db$reify__16142
         "0x29cd48bd"
         "maelstrom.db$db$reify__16142@29cd48bd"]
 :max-writes-per-key 16
 :leave-db-running? false
 :name "echo"
 :logging-json? false
 :start-time
 #object[org.joda.time.DateTime "0x34d776eb" "2023-04-19T22:32:24.397+08:00"]
 :nemesis-interval 10
 :net
 #object[maelstrom.net$jepsen_net$reify__15251
         "0x60a3a0fa"
         "maelstrom.net$jepsen_net$reify__15251@60a3a0fa"]
 :client
 #object[maelstrom.workload.echo$client$reify__16863
         "0x17734113"
         "maelstrom.workload.echo$client$reify__16863@17734113"]
 :barrier
 #object[java.util.concurrent.CyclicBarrier
         "0x27aa700"
         "java.util.concurrent.CyclicBarrier@27aa700"]
 :log-stderr false
 :pure-generators true
 :ssh {:dummy? true}
 :rate 5
 :checker
 #object[jepsen.checker$compose$reify__11881
         "0xd15f98a"
         "jepsen.checker$compose$reify__11881@d15f98a"]
 :argv
 ("test"
  "-w"
  "echo"
  "--bin"
  "target/debug/rustengan"
  "--node-count"
  "1"
  "--time-limit"
  "10")
 :nemesis
 (jepsen.nemesis.ReflCompose
  {:fm {:start-partition 0,
        :stop-partition 0,
        :kill 1,
        :start 1,
        :pause 1,
        :resume 1},
   :nemeses [#unprintable "jepsen.nemesis.combined$partition_nemesis$reify__16416@704c3ca2"
             #unprintable "jepsen.nemesis.combined$db_nemesis$reify__16397@7d3a9061"]})
 :nodes ["n0"]
 :test-count 1
 :latency {:mean 0, :dist :constant}
 :bin "target/debug/rustengan"
 :generator
 (jepsen.generator.TimeLimit
  {:limit 10000000000,
   :cutoff nil,
   :gen (jepsen.generator.Any
         {:gens [(jepsen.generator.OnThreads
                  {:f #{:nemesis},
                   :context-filter #object[jepsen.generator.context$make_thread_filter$lazy_filter__9167
                                           "0x1dc47df3"
                                           "jepsen.generator.context$make_thread_filter$lazy_filter__9167@1dc47df3"],
                   :gen nil})
                 (jepsen.generator.OnThreads
                  {:f #jepsen.generator.context.AllBut{:element :nemesis},
                   :context-filter #object[jepsen.generator.context$make_thread_filter$lazy_filter__9167
                                           "0x256a25a8"
                                           "jepsen.generator.context$make_thread_filter$lazy_filter__9167@256a25a8"],
                   :gen (jepsen.generator.Stagger
                         {:dt 400000000,
                          :next-time nil,
                          :gen (jepsen.generator.EachThread
                                {:fresh-gen #object[maelstrom.workload.echo$workload$fn__16882
                                                    "0x68f67bbd"
                                                    "maelstrom.workload.echo$workload$fn__16882@68f67bbd"],
                                 :context-filters #object[clojure.core$promise$reify__8591
                                                          "0x5bd585a5"
                                                          {:status :pending,
                                                           :val nil}],
                                 :gens {}})})})]})})
 :log-net-recv false
 :os
 #object[maelstrom.net$jepsen_os$reify__15254
         "0x65c040c9"
         "maelstrom.net$jepsen_os$reify__15254@65c040c9"]
 :time-limit 10
 :workload :echo
 :consistency-models [:strict-serializable]
 :topology :grid}

2023-04-19 22:32:25,296{GMT}	INFO	[jepsen node n0] maelstrom.net: Starting Maelstrom network
2023-04-19 22:32:25,296{GMT}	INFO	[jepsen test runner] jepsen.db: Tearing down DB
2023-04-19 22:32:25,297{GMT}	INFO	[jepsen test runner] jepsen.db: Setting up DB
2023-04-19 22:32:25,299{GMT}	INFO	[jepsen node n0] maelstrom.service: Starting services: (lin-kv lin-tso lww-kv seq-kv)
2023-04-19 22:32:25,299{GMT}	INFO	[jepsen node n0] maelstrom.db: Setting up n0
2023-04-19 22:32:25,300{GMT}	INFO	[jepsen node n0] maelstrom.process: launching target/debug/rustengan []
2023-04-19 22:32:25,608{GMT}	WARN	[n0 stdout] maelstrom.process: Error!
java.lang.IllegalArgumentException: Don't know how to create ISeq from: java.lang.Integer
	at clojure.lang.RT.seqFrom(RT.java:557)
	at clojure.lang.RT.seq(RT.java:537)
	at clojure.core$seq__5467.invokeStatic(core.clj:139)
	at clojure.core.protocols$seq_reduce.invokeStatic(protocols.clj:24)
	at clojure.core.protocols$fn__8226.invokeStatic(protocols.clj:75)
	at clojure.core.protocols$fn__8226.invoke(protocols.clj:75)
	at clojure.core.protocols$fn__8178$G__8173__8191.invoke(protocols.clj:13)
	at clojure.core$reduce.invokeStatic(core.clj:6886)
	at clojure.core$reduce.invoke(core.clj:6868)
	at maelstrom.process$keywordize_keys_1.invokeStatic(process.clj:30)
	at maelstrom.process$keywordize_keys_1.invoke(process.clj:26)
	at maelstrom.process$parse_msg.invokeStatic(process.clj:54)
	at maelstrom.process$parse_msg.invoke(process.clj:35)
	at maelstrom.process$stdout_thread$fn__15878$fn__15879$fn__15881.invoke(process.clj:146)
	at maelstrom.process$stdout_thread$fn__15878$fn__15879.invoke(process.clj:146)
	at maelstrom.process$stdout_thread$fn__15878.invoke(process.clj:140)
	at clojure.core$binding_conveyor_fn$fn__5823.invoke(core.clj:2047)
	at clojure.lang.AFn.call(AFn.java:18)
	at java.base/java.util.concurrent.FutureTask.run(FutureTask.java:317)
	at java.base/java.util.concurrent.ThreadPoolExecutor.runWorker(ThreadPoolExecutor.java:1144)
	at java.base/java.util.concurrent.ThreadPoolExecutor$Worker.run(ThreadPoolExecutor.java:642)
	at java.base/java.lang.Thread.run(Thread.java:1623)
2023-04-19 22:32:35,313{GMT}	INFO	[jepsen node n0] maelstrom.db: Tearing down n0
2023-04-19 22:32:36,318{GMT}	INFO	[jepsen node n0] maelstrom.net: Shutting down Maelstrom network
2023-04-19 22:32:36,319{GMT}	WARN	[jepsen test runner] jepsen.core: Test crashed!
clojure.lang.ExceptionInfo: Node n0 crashed with exit status 1. Before crashing, it wrote to STDOUT:



And to STDERR:

Error: Maelstrom input from STDIN could not be deserialized

Caused by:
    missing field `echo` at line 1 column 97

Full STDERR logs are available in /Users/liangchuan/code/git/rustengan/store/echo/20230419T223224.397+0800/node-logs/n0.log
	at slingshot.support$stack_trace.invoke(support.clj:201)
	at maelstrom.process$stop_node_BANG_.invokeStatic(process.clj:239)
	at maelstrom.process$stop_node_BANG_.invoke(process.clj:217)
	at maelstrom.db$db$reify__16142.teardown_BANG_(db.clj:75)
	at jepsen.db$fn__8744$G__8725__8748.invoke(db.clj:12)
	at jepsen.db$fn__8744$G__8724__8753.invoke(db.clj:12)
	at clojure.core$partial$fn__5908.invoke(core.clj:2642)
	at jepsen.control$on_nodes$fn__8599.invoke(control.clj:314)
	at clojure.lang.AFn.applyToHelper(AFn.java:154)
	at clojure.lang.AFn.applyTo(AFn.java:144)
	at clojure.core$apply.invokeStatic(core.clj:667)
	at clojure.core$with_bindings_STAR_.invokeStatic(core.clj:1990)
	at clojure.core$with_bindings_STAR_.doInvoke(core.clj:1990)
	at clojure.lang.RestFn.applyTo(RestFn.java:142)
	at clojure.core$apply.invokeStatic(core.clj:671)
	at clojure.core$bound_fn_STAR_$fn__5818.doInvoke(core.clj:2020)
	at clojure.lang.RestFn.invoke(RestFn.java:408)
	at dom_top.core$real_pmap_helper$build_thread__211$fn__212.invoke(core.clj:163)
	at clojure.lang.AFn.applyToHelper(AFn.java:152)
	at clojure.lang.AFn.applyTo(AFn.java:144)
	at clojure.core$apply.invokeStatic(core.clj:667)
	at clojure.core$with_bindings_STAR_.invokeStatic(core.clj:1990)
	at clojure.core$with_bindings_STAR_.doInvoke(core.clj:1990)
	at clojure.lang.RestFn.invoke(RestFn.java:425)
	at clojure.lang.AFn.applyToHelper(AFn.java:156)
	at clojure.lang.RestFn.applyTo(RestFn.java:132)
	at clojure.core$apply.invokeStatic(core.clj:671)
	at clojure.core$bound_fn_STAR_$fn__5818.doInvoke(core.clj:2020)
	at clojure.lang.RestFn.invoke(RestFn.java:397)
	at clojure.lang.AFn.run(AFn.java:22)
	at java.base/java.lang.Thread.run(Thread.java:1623)
