2023-04-19 23:06:56,042{GMT}	INFO	[jepsen test runner] jepsen.core: Test version 4ed07da210621707fa97f48d147ff2c2e5cb4f1e (plus uncommitted changes)
2023-04-19 23:06:56,043{GMT}	INFO	[jepsen test runner] jepsen.core: Command line:
lein run test -w echo --bin target/debug/rustengan --node-count 1 --time-limit 10
2023-04-19 23:06:56,078{GMT}	INFO	[jepsen test runner] jepsen.core: Running test:
{:args []
 :remote
 #jepsen.control.retry.Remote{:remote #jepsen.control.scp.Remote{:cmd-remote #jepsen.control.sshj.SSHJRemote{:concurrency-limit 6,
                                                                                                             :conn-spec nil,
                                                                                                             :client nil,
                                                                                                             :semaphore nil},
                                                                 :conn-spec nil},
                              :conn nil}
 :log-net-send false
 :node-count 1
 :availability nil
 :max-txn-length 4
 :concurrency 1
 :db
 #object[maelstrom.db$db$reify__16142
         "0x1660bba7"
         "maelstrom.db$db$reify__16142@1660bba7"]
 :max-writes-per-key 16
 :leave-db-running? false
 :name "echo"
 :logging-json? false
 :start-time
 #object[org.joda.time.DateTime "0x771c4015" "2023-04-19T23:06:56.016+08:00"]
 :nemesis-interval 10
 :net
 #object[maelstrom.net$jepsen_net$reify__15251
         "0x34d776eb"
         "maelstrom.net$jepsen_net$reify__15251@34d776eb"]
 :client
 #object[maelstrom.workload.echo$client$reify__16863
         "0x60a3a0fa"
         "maelstrom.workload.echo$client$reify__16863@60a3a0fa"]
 :barrier
 #object[java.util.concurrent.CyclicBarrier
         "0x17734113"
         "java.util.concurrent.CyclicBarrier@17734113"]
 :log-stderr false
 :pure-generators true
 :ssh {:dummy? true}
 :rate 5
 :checker
 #object[jepsen.checker$compose$reify__11881
         "0x27aa700"
         "jepsen.checker$compose$reify__11881@27aa700"]
 :argv
 ("test"
  "-w"
  "echo"
  "--bin"
  "target/debug/rustengan"
  "--node-count"
  "1"
  "--time-limit"
  "10")
 :nemesis
 (jepsen.nemesis.ReflCompose
  {:fm {:start-partition 0,
        :stop-partition 0,
        :kill 1,
        :start 1,
        :pause 1,
        :resume 1},
   :nemeses [#unprintable "jepsen.nemesis.combined$partition_nemesis$reify__16416@d15f98a"
             #unprintable "jepsen.nemesis.combined$db_nemesis$reify__16397@704c3ca2"]})
 :nodes ["n0"]
 :test-count 1
 :latency {:mean 0, :dist :constant}
 :bin "target/debug/rustengan"
 :generator
 (jepsen.generator.TimeLimit
  {:limit 10000000000,
   :cutoff nil,
   :gen (jepsen.generator.Any
         {:gens [(jepsen.generator.OnThreads
                  {:f #{:nemesis},
                   :context-filter #object[jepsen.generator.context$make_thread_filter$lazy_filter__9167
                                           "0x6d4bdb75"
                                           "jepsen.generator.context$make_thread_filter$lazy_filter__9167@6d4bdb75"],
                   :gen nil})
                 (jepsen.generator.OnThreads
                  {:f #jepsen.generator.context.AllBut{:element :nemesis},
                   :context-filter #object[jepsen.generator.context$make_thread_filter$lazy_filter__9167
                                           "0x1dc47df3"
                                           "jepsen.generator.context$make_thread_filter$lazy_filter__9167@1dc47df3"],
                   :gen (jepsen.generator.Stagger
                         {:dt 400000000,
                          :next-time nil,
                          :gen (jepsen.generator.EachThread
                                {:fresh-gen #object[maelstrom.workload.echo$workload$fn__16882
                                                    "0x256a25a8"
                                                    "maelstrom.workload.echo$workload$fn__16882@256a25a8"],
                                 :context-filters #object[clojure.core$promise$reify__8591
                                                          "0x68f67bbd"
                                                          {:status :pending,
                                                           :val nil}],
                                 :gens {}})})})]})})
 :log-net-recv false
 :os
 #object[maelstrom.net$jepsen_os$reify__15254
         "0x5bd585a5"
         "maelstrom.net$jepsen_os$reify__15254@5bd585a5"]
 :time-limit 10
 :workload :echo
 :consistency-models [:strict-serializable]
 :topology :grid}

2023-04-19 23:06:56,893{GMT}	INFO	[jepsen node n0] maelstrom.net: Starting Maelstrom network
2023-04-19 23:06:56,893{GMT}	INFO	[jepsen test runner] jepsen.db: Tearing down DB
2023-04-19 23:06:56,894{GMT}	INFO	[jepsen test runner] jepsen.db: Setting up DB
2023-04-19 23:06:56,895{GMT}	INFO	[jepsen node n0] maelstrom.service: Starting services: (lin-kv lin-tso lww-kv seq-kv)
2023-04-19 23:06:56,896{GMT}	INFO	[jepsen node n0] maelstrom.db: Setting up n0
2023-04-19 23:06:56,897{GMT}	INFO	[jepsen node n0] maelstrom.process: launching target/debug/rustengan []
2023-04-19 23:07:06,910{GMT}	INFO	[jepsen node n0] maelstrom.db: Tearing down n0
2023-04-19 23:07:07,922{GMT}	INFO	[jepsen node n0] maelstrom.net: Shutting down Maelstrom network
2023-04-19 23:07:07,924{GMT}	WARN	[jepsen test runner] jepsen.core: Test crashed!
clojure.lang.ExceptionInfo: Node n0 crashed with exit status 1. Before crashing, it wrote to STDOUT:

{"src":"c0","dest":"n0","body":{"msg_id":0,"in_reply_to":1,"type":"init_ok"}}

And to STDERR:

Error: Node step function failed

Caused by:
    received init_ok message

Full STDERR logs are available in /Users/liangchuan/code/git/rustengan/store/echo/20230419T230656.016+0800/node-logs/n0.log
	at slingshot.support$stack_trace.invoke(support.clj:201)
	at maelstrom.process$stop_node_BANG_.invokeStatic(process.clj:239)
	at maelstrom.process$stop_node_BANG_.invoke(process.clj:217)
	at maelstrom.db$db$reify__16142.teardown_BANG_(db.clj:75)
	at jepsen.db$fn__8744$G__8725__8748.invoke(db.clj:12)
	at jepsen.db$fn__8744$G__8724__8753.invoke(db.clj:12)
	at clojure.core$partial$fn__5908.invoke(core.clj:2642)
	at jepsen.control$on_nodes$fn__8599.invoke(control.clj:314)
	at clojure.lang.AFn.applyToHelper(AFn.java:154)
	at clojure.lang.AFn.applyTo(AFn.java:144)
	at clojure.core$apply.invokeStatic(core.clj:667)
	at clojure.core$with_bindings_STAR_.invokeStatic(core.clj:1990)
	at clojure.core$with_bindings_STAR_.doInvoke(core.clj:1990)
	at clojure.lang.RestFn.applyTo(RestFn.java:142)
	at clojure.core$apply.invokeStatic(core.clj:671)
	at clojure.core$bound_fn_STAR_$fn__5818.doInvoke(core.clj:2020)
	at clojure.lang.RestFn.invoke(RestFn.java:408)
	at dom_top.core$real_pmap_helper$build_thread__211$fn__212.invoke(core.clj:163)
	at clojure.lang.AFn.applyToHelper(AFn.java:152)
	at clojure.lang.AFn.applyTo(AFn.java:144)
	at clojure.core$apply.invokeStatic(core.clj:667)
	at clojure.core$with_bindings_STAR_.invokeStatic(core.clj:1990)
	at clojure.core$with_bindings_STAR_.doInvoke(core.clj:1990)
	at clojure.lang.RestFn.invoke(RestFn.java:425)
	at clojure.lang.AFn.applyToHelper(AFn.java:156)
	at clojure.lang.RestFn.applyTo(RestFn.java:132)
	at clojure.core$apply.invokeStatic(core.clj:671)
	at clojure.core$bound_fn_STAR_$fn__5818.doInvoke(core.clj:2020)
	at clojure.lang.RestFn.invoke(RestFn.java:397)
	at clojure.lang.AFn.run(AFn.java:22)
	at java.base/java.lang.Thread.run(Thread.java:1623)
